<?xml version="1.0" encoding="UTF-8"?>
<!-- Generated by org.testng.reporters.JUnitReportReporter -->
<testsuite hostname="LAPTOP-B0KP8690" failures="0" tests="23" name="Links_Cred.Credmudra.TESTnew1" time="77.293" errors="0" timestamp="2024-08-06T14:57:24 IST" skipped="0">
  <testcase classname="Links_Cred.Credmudra.TESTnew1" name="testLinks" time="0.822"/>
  <testcase classname="Links_Cred.Credmudra.TESTnew1" name="testLinks" time="1.304"/>
  <testcase classname="Links_Cred.Credmudra.TESTnew1" name="testLinks" time="3.565"/>
  <testcase classname="Links_Cred.Credmudra.TESTnew1" name="testLinks" time="4.454"/>
  <testcase classname="Links_Cred.Credmudra.TESTnew1" name="testLinks" time="1.083"/>
  <testcase classname="Links_Cred.Credmudra.TESTnew1" name="testLinks" time="32.193"/>
  <testcase classname="Links_Cred.Credmudra.TESTnew1" name="testLinks" time="0.159"/>
  <testcase classname="Links_Cred.Credmudra.TESTnew1" name="testLinks" time="2.047"/>
  <testcase classname="Links_Cred.Credmudra.TESTnew1" name="testLinks" time="4.359"/>
  <testcase classname="Links_Cred.Credmudra.TESTnew1" name="testLinks" time="1.783"/>
  <testcase classname="Links_Cred.Credmudra.TESTnew1" name="testLinks" time="1.136"/>
  <testcase classname="Links_Cred.Credmudra.TESTnew1" name="testLinks" time="2.198"/>
  <testcase classname="Links_Cred.Credmudra.TESTnew1" name="testLinks" time="0.957"/>
  <testcase classname="Links_Cred.Credmudra.TESTnew1" name="testLinks" time="1.250"/>
  <testcase classname="Links_Cred.Credmudra.TESTnew1" name="testLinks" time="1.821"/>
  <testcase classname="Links_Cred.Credmudra.TESTnew1" name="testLinks" time="4.736"/>
  <testcase classname="Links_Cred.Credmudra.TESTnew1" name="testLinks" time="1.299"/>
  <testcase classname="Links_Cred.Credmudra.TESTnew1" name="testLinks" time="2.662"/>
  <testcase classname="Links_Cred.Credmudra.TESTnew1" name="testLinks" time="2.269"/>
  <testcase classname="Links_Cred.Credmudra.TESTnew1" name="testLinks" time="1.287"/>
  <testcase classname="Links_Cred.Credmudra.TESTnew1" name="testLinks" time="3.437"/>
  <testcase classname="Links_Cred.Credmudra.TESTnew1" name="testLinks" time="0.704"/>
  <testcase classname="Links_Cred.Credmudra.TESTnew1" name="testLinks" time="1.768"/>
</testsuite> <!-- Links_Cred.Credmudra.TESTnew1 -->
