<?xml version="1.0" encoding="UTF-8"?>
<!-- Generated by org.testng.reporters.JUnitReportReporter -->
<testsuite hostname="LAPTOP-B0KP8690" failures="0" tests="24" name="Links_Cred.Credmudra.Testnew" time="119.039" errors="0" timestamp="2024-08-01T17:30:04 IST" skipped="0">
  <testcase classname="Links_Cred.Credmudra.Testnew" name="testLinks" time="7.635"/>
  <testcase classname="Links_Cred.Credmudra.Testnew" name="testLinks" time="2.060"/>
  <testcase classname="Links_Cred.Credmudra.Testnew" name="testLinks" time="3.192"/>
  <testcase classname="Links_Cred.Credmudra.Testnew" name="testLinks" time="1.631"/>
  <testcase classname="Links_Cred.Credmudra.Testnew" name="testLinks" time="2.207"/>
  <testcase classname="Links_Cred.Credmudra.Testnew" name="testLinks" time="14.191"/>
  <testcase classname="Links_Cred.Credmudra.Testnew" name="testLinks" time="3.862"/>
  <testcase classname="Links_Cred.Credmudra.Testnew" name="testLinks" time="3.327"/>
  <testcase classname="Links_Cred.Credmudra.Testnew" name="testLinks" time="1.620"/>
  <testcase classname="Links_Cred.Credmudra.Testnew" name="testLinks" time="2.819"/>
  <testcase classname="Links_Cred.Credmudra.Testnew" name="testLinks" time="1.817"/>
  <testcase classname="Links_Cred.Credmudra.Testnew" name="testLinks" time="2.152"/>
  <testcase classname="Links_Cred.Credmudra.Testnew" name="testLinks" time="2.180"/>
  <testcase classname="Links_Cred.Credmudra.Testnew" name="testLinks" time="1.006"/>
  <testcase classname="Links_Cred.Credmudra.Testnew" name="testLinks" time="0.917"/>
  <testcase classname="Links_Cred.Credmudra.Testnew" name="testLinks" time="1.703"/>
  <testcase classname="Links_Cred.Credmudra.Testnew" name="testLinks" time="5.727"/>
  <testcase classname="Links_Cred.Credmudra.Testnew" name="testLinks" time="1.954"/>
  <testcase classname="Links_Cred.Credmudra.Testnew" name="testLinks" time="5.173"/>
  <testcase classname="Links_Cred.Credmudra.Testnew" name="testLinks" time="4.710"/>
  <testcase classname="Links_Cred.Credmudra.Testnew" name="testLinks" time="2.154"/>
  <testcase classname="Links_Cred.Credmudra.Testnew" name="testLinks" time="3.600"/>
  <testcase classname="Links_Cred.Credmudra.Testnew" name="testLinks" time="3.235"/>
  <testcase classname="Links_Cred.Credmudra.Testnew" name="testLinks" time="40.167"/>
</testsuite> <!-- Links_Cred.Credmudra.Testnew -->
